CRITICAL - 2024-07-29 22:27:57 --> CodeIgniter\HTTP\Exceptions\BadRequestException: The URI you submitted has disallowed characters: "user1-128x128.jpg" alt="User Avatar"
[Method: GET, Route: theme/dist/img/user1-128x128.jpg%22%20alt=%22User%20Avatar]
in SYSTEMPATH\Router\Router.php on line 737.
 1 SYSTEMPATH\Router\Router.php(204): CodeIgniter\Router\Router->checkDisallowedChars('theme/dist/img/user1-128x128.jpg" alt="User Avatar')
 2 SYSTEMPATH\CodeIgniter.php(834): CodeIgniter\Router\Router->handle('theme/dist/img/user1-128x128.jpg" alt="User Avatar')
 3 SYSTEMPATH\CodeIgniter.php(457): CodeIgniter\CodeIgniter->tryToRouteIt(Object(CodeIgniter\Router\RouteCollection))
 4 SYSTEMPATH\CodeIgniter.php(355): CodeIgniter\CodeIgniter->handleRequest(null, Object(Config\Cache), false)
 5 SYSTEMPATH\Boot.php(325): CodeIgniter\CodeIgniter->run()
 6 SYSTEMPATH\Boot.php(67): CodeIgniter\Boot::runCodeIgniter(Object(CodeIgniter\CodeIgniter))
 7 FCPATH\index.php(56): CodeIgniter\Boot::bootWeb(Object(Config\Paths))
 8 SYSTEMPATH\rewrite.php(44): require_once('C:\\xampp\\htdocs\\projeto1\\public\\index.php')
CRITICAL - 2024-07-29 22:32:02 --> CodeIgniter\HTTP\Exceptions\BadRequestException: The URI you submitted has disallowed characters: "user1-128x128.jpg" alt="User Avatar"
[Method: GET, Route: theme/dist/img/user1-128x128.jpg%22%20alt=%22User%20Avatar]
in SYSTEMPATH\Router\Router.php on line 737.
 1 SYSTEMPATH\Router\Router.php(204): CodeIgniter\Router\Router->checkDisallowedChars('theme/dist/img/user1-128x128.jpg" alt="User Avatar')
 2 SYSTEMPATH\CodeIgniter.php(834): CodeIgniter\Router\Router->handle('theme/dist/img/user1-128x128.jpg" alt="User Avatar')
 3 SYSTEMPATH\CodeIgniter.php(457): CodeIgniter\CodeIgniter->tryToRouteIt(Object(CodeIgniter\Router\RouteCollection))
 4 SYSTEMPATH\CodeIgniter.php(355): CodeIgniter\CodeIgniter->handleRequest(null, Object(Config\Cache), false)
 5 SYSTEMPATH\Boot.php(325): CodeIgniter\CodeIgniter->run()
 6 SYSTEMPATH\Boot.php(67): CodeIgniter\Boot::runCodeIgniter(Object(CodeIgniter\CodeIgniter))
 7 FCPATH\index.php(56): CodeIgniter\Boot::bootWeb(Object(Config\Paths))
 8 SYSTEMPATH\rewrite.php(44): require_once('C:\\xampp\\htdocs\\projeto1\\public\\index.php')
